<?xml version="1.0" encoding="UTF-8"?>
<robot generator="Robot 7.4.2 (Python 3.14.4 on darwin)" generated="2026-05-17T12:09:18.867764" rpa="false" schemaversion="5">
<suite id="s1" name="Dependency Scan" source="/Users/dennis_leedennis_lee/Documents/GitHub/web3-adult-industry-ca/tests/robot/security/dependency_scan.robot">
<test id="s1-t1" name="Python Dependencies Have No Known Vulnerabilities" line="47">
<kw name="Run Pip Audit">
<kw name="Run Process" owner="Process">
<var>${result}</var>
<arg>pip-audit</arg>
<arg>--requirement</arg>
<arg>${requirements_file}</arg>
<arg>--desc</arg>
<arg>on</arg>
<arg>--no-deps</arg>
<arg>timeout=${timeout}s</arg>
<arg>stderr=STDOUT</arg>
<doc>Runs a process and waits for it to complete.</doc>
<status status="NOT RUN" start="2026-05-17T12:09:18.898135" elapsed="0.000506"/>
</kw>
<return>
<value>${result}</value>
<status status="PASS" start="2026-05-17T12:09:18.898727" elapsed="0.000021"/>
</return>
<var>${result}</var>
<status status="PASS" start="2026-05-17T12:09:18.897717" elapsed="0.001077"/>
</kw>
<kw name="Run Keyword And Continue On Failure" owner="BuiltIn">
<kw name="Should Be Equal As Integers" owner="BuiltIn">
<arg>${result.rc}</arg>
<arg>0</arg>
<arg>msg=Python dependencies have vulnerabilities:\n${result.stdout}</arg>
<doc>Fails if objects are unequal after converting them to integers.</doc>
<status status="NOT RUN" start="2026-05-17T12:09:18.899332" elapsed="0.000117"/>
</kw>
<arg>Should Be Equal As Integers</arg>
<arg>${result.rc}</arg>
<arg>0</arg>
<arg>msg=Python dependencies have vulnerabilities:\n${result.stdout}</arg>
<doc>Runs the keyword and continues execution even if a failure occurs.</doc>
<status status="PASS" start="2026-05-17T12:09:18.898893" elapsed="0.000590"/>
</kw>
<kw name="Log" owner="BuiltIn">
<arg>${result.stdout}</arg>
<arg>level=INFO</arg>
<doc>Logs the given message with the given level.</doc>
<status status="NOT RUN" start="2026-05-17T12:09:18.899542" elapsed="0.000130"/>
</kw>
<if>
<branch type="IF" condition="${result.rc} != 0">
<kw name="Get Line Count">
<msg time="2026-05-17T12:09:18.900927" level="FAIL">No keyword with name 'Get Line Count' found.</msg>
<var>${vuln_count}</var>
<arg>${result.stdout}</arg>
<status status="FAIL" start="2026-05-17T12:09:18.900904" elapsed="0.000059">No keyword with name 'Get Line Count' found.</status>
</kw>
<kw name="Log" owner="BuiltIn">
<arg>Found ${vuln_count} vulnerabilities in Python dependencies</arg>
<arg>level=WARN</arg>
<doc>Logs the given message with the given level.</doc>
<status status="NOT RUN" start="2026-05-17T12:09:18.901021" elapsed="0.000122"/>
</kw>
<status status="FAIL" start="2026-05-17T12:09:18.899746" elapsed="0.001433">No keyword with name 'Get Line Count' found.</status>
</branch>
<status status="FAIL" start="2026-05-17T12:09:18.899730" elapsed="0.001471">No keyword with name 'Get Line Count' found.</status>
</if>
<tag>dependency</tag>
<tag>python</tag>
<tag>security</tag>
<status status="FAIL" start="2026-05-17T12:09:18.897270" elapsed="0.004025">No keyword with name 'Get Line Count' found.</status>
</test>
<test id="s1-t2" name="Rust Dependencies Have No Known Vulnerabilities" line="59">
<kw name="Run Cargo Audit">
<kw name="Run Process" owner="Process">
<var>${result}</var>
<arg>cargo</arg>
<arg>audit</arg>
<arg>--manifest-path</arg>
<arg>${manifest_path}/Cargo.toml</arg>
<arg>timeout=${timeout}s</arg>
<arg>stderr=STDOUT</arg>
<doc>Runs a process and waits for it to complete.</doc>
<status status="NOT RUN" start="2026-05-17T12:09:18.901786" elapsed="0.000122"/>
</kw>
<return>
<value>${result}</value>
<status status="PASS" start="2026-05-17T12:09:18.901942" elapsed="0.000011"/>
</return>
<var>${result}</var>
<status status="PASS" start="2026-05-17T12:09:18.901674" elapsed="0.000300"/>
</kw>
<kw name="Run Keyword And Continue On Failure" owner="BuiltIn">
<kw name="Should Be Equal As Integers" owner="BuiltIn">
<arg>${result.rc}</arg>
<arg>0</arg>
<arg>msg=Rust dependencies have vulnerabilities:\n${result.stdout}</arg>
<doc>Fails if objects are unequal after converting them to integers.</doc>
<status status="NOT RUN" start="2026-05-17T12:09:18.902150" elapsed="0.000087"/>
</kw>
<arg>Should Be Equal As Integers</arg>
<arg>${result.rc}</arg>
<arg>0</arg>
<arg>msg=Rust dependencies have vulnerabilities:\n${result.stdout}</arg>
<doc>Runs the keyword and continues execution even if a failure occurs.</doc>
<status status="PASS" start="2026-05-17T12:09:18.902023" elapsed="0.000234"/>
</kw>
<kw name="Log" owner="BuiltIn">
<arg>${result.stdout}</arg>
<arg>level=INFO</arg>
<doc>Logs the given message with the given level.</doc>
<status status="NOT RUN" start="2026-05-17T12:09:18.902302" elapsed="0.000091"/>
</kw>
<if>
<branch type="IF" condition="${result.rc} != 0">
<kw name="Get Line Count">
<msg time="2026-05-17T12:09:18.903213" level="FAIL">No keyword with name 'Get Line Count' found.</msg>
<var>${vuln_count}</var>
<arg>${result.stdout}</arg>
<status status="FAIL" start="2026-05-17T12:09:18.903199" elapsed="0.000039">No keyword with name 'Get Line Count' found.</status>
</kw>
<kw name="Log" owner="BuiltIn">
<arg>Found ${vuln_count} vulnerabilities in Rust dependencies</arg>
<arg>level=WARN</arg>
<doc>Logs the given message with the given level.</doc>
<status status="NOT RUN" start="2026-05-17T12:09:18.903285" elapsed="0.000103"/>
</kw>
<status status="FAIL" start="2026-05-17T12:09:18.902440" elapsed="0.000976">No keyword with name 'Get Line Count' found.</status>
</branch>
<status status="FAIL" start="2026-05-17T12:09:18.902430" elapsed="0.001003">No keyword with name 'Get Line Count' found.</status>
</if>
<doc>Runs cargo audit on the Rust workspace</doc>
<tag>dependency</tag>
<tag>rust</tag>
<tag>security</tag>
<status status="FAIL" start="2026-05-17T12:09:18.901419" elapsed="0.002081">No keyword with name 'Get Line Count' found.</status>
</test>
<test id="s1-t3" name="Full Workspace Trivy Scan" line="72">
<kw name="Run Trivy Scan">
<kw name="Run Process" owner="Process">
<var>${result}</var>
<arg>trivy</arg>
<arg>fs</arg>
<arg>--format</arg>
<arg>json</arg>
<arg>--quiet</arg>
<arg>${target}</arg>
<arg>timeout=${timeout}s</arg>
<arg>stderr=STDOUT</arg>
<doc>Runs a process and waits for it to complete.</doc>
<status status="NOT RUN" start="2026-05-17T12:09:18.904170" elapsed="0.000127"/>
</kw>
<return>
<value>${result}</value>
<status status="PASS" start="2026-05-17T12:09:18.904333" elapsed="0.000010"/>
</return>
<var>${result}</var>
<status status="PASS" start="2026-05-17T12:09:18.904081" elapsed="0.000279"/>
</kw>
<kw name="Run Keyword And Continue On Failure" owner="BuiltIn">
<kw name="Should Be Equal As Integers" owner="BuiltIn">
<arg>${result.rc}</arg>
<arg>0</arg>
<arg>msg=Trivy found vulnerabilities in the workspace:\n${result.stdout}</arg>
<doc>Fails if objects are unequal after converting them to integers.</doc>
<status status="NOT RUN" start="2026-05-17T12:09:18.904532" elapsed="0.000088"/>
</kw>
<arg>Should Be Equal As Integers</arg>
<arg>${result.rc}</arg>
<arg>0</arg>
<arg>msg=Trivy found vulnerabilities in the workspace:\n${result.stdout}</arg>
<doc>Runs the keyword and continues execution even if a failure occurs.</doc>
<status status="PASS" start="2026-05-17T12:09:18.904405" elapsed="0.000235"/>
</kw>
<kw name="Log" owner="BuiltIn">
<arg>${result.stdout}</arg>
<arg>level=INFO</arg>
<doc>Logs the given message with the given level.</doc>
<status status="NOT RUN" start="2026-05-17T12:09:18.904684" elapsed="0.000091"/>
</kw>
<doc>Runs trivy filesystem scan on the entire project</doc>
<tag>dependency</tag>
<tag>full</tag>
<tag>security</tag>
<tag>trivy</tag>
<status status="PASS" start="2026-05-17T12:09:18.903634" elapsed="0.001187"/>
</test>
<test id="s1-t4" name="Critical Vulnerabilities Fail The Build" line="81">
<kw name="Run Pip Audit">
<kw name="Run Process" owner="Process">
<var>${result}</var>
<arg>pip-audit</arg>
<arg>--requirement</arg>
<arg>${requirements_file}</arg>
<arg>--desc</arg>
<arg>on</arg>
<arg>--no-deps</arg>
<arg>timeout=${timeout}s</arg>
<arg>stderr=STDOUT</arg>
<doc>Runs a process and waits for it to complete.</doc>
<status status="NOT RUN" start="2026-05-17T12:09:18.905164" elapsed="0.000115"/>
</kw>
<return>
<value>${result}</value>
<status status="PASS" start="2026-05-17T12:09:18.905326" elapsed="0.000008"/>
</return>
<var>${result}</var>
<status status="PASS" start="2026-05-17T12:09:18.905086" elapsed="0.000265"/>
</kw>
<kw name="Set Variable" owner="BuiltIn">
<var>${stdout}</var>
<arg>${result.stdout}</arg>
<doc>Returns the given values which can then be assigned to a variables.</doc>
<status status="NOT RUN" start="2026-05-17T12:09:18.905391" elapsed="0.000069"/>
</kw>
<kw name="Evaluate" owner="BuiltIn">
<var>${has_critical}</var>
<arg>'CRITICAL' in '''${stdout}'''</arg>
<doc>Evaluates the given expression in Python and returns the result.</doc>
<status status="NOT RUN" start="2026-05-17T12:09:18.905504" elapsed="0.000064"/>
</kw>
<if>
<branch type="IF" condition="${has_critical}">
<kw name="Log" owner="BuiltIn">
<arg>CRITICAL vulnerabilities found:\n${stdout}</arg>
<arg>level=WARN</arg>
<doc>Logs the given message with the given level.</doc>
<status status="NOT RUN" start="2026-05-17T12:09:18.905650" elapsed="0.000090"/>
</kw>
<status status="PASS" start="2026-05-17T12:09:18.905610" elapsed="0.000149"/>
</branch>
<status status="PASS" start="2026-05-17T12:09:18.905601" elapsed="0.000170"/>
</if>
<kw name="Run Keyword And Continue On Failure" owner="BuiltIn">
<kw name="Should Not Be True" owner="BuiltIn">
<arg>${has_critical}</arg>
<arg>msg=Critical vulnerabilities found in dependencies</arg>
<doc>Fails if the given condition is true.</doc>
<status status="NOT RUN" start="2026-05-17T12:09:18.905926" elapsed="0.000078"/>
</kw>
<arg>Should Not Be True</arg>
<arg>${has_critical}</arg>
<arg>msg=Critical vulnerabilities found in dependencies</arg>
<doc>Runs the keyword and continues execution even if a failure occurs.</doc>
<status status="PASS" start="2026-05-17T12:09:18.905815" elapsed="0.000206"/>
</kw>
<doc>Ensures no critical severity vulnerabilities exist</doc>
<tag>build_blocker</tag>
<tag>critical</tag>
<tag>dependency</tag>
<tag>security</tag>
<status status="PASS" start="2026-05-17T12:09:18.904896" elapsed="0.001169"/>
</test>
<test id="s1-t5" name="Summary Of Dependency Health" line="94">
<kw name="Log" owner="BuiltIn">
<arg>Dependency scan summary for ${PROJECT_ROOT}</arg>
<arg>level=INFO</arg>
<doc>Logs the given message with the given level.</doc>
<status status="NOT RUN" start="2026-05-17T12:09:18.906303" elapsed="0.000093"/>
</kw>
<kw name="Run Pip Audit">
<kw name="Run Process" owner="Process">
<var>${result}</var>
<arg>pip-audit</arg>
<arg>--requirement</arg>
<arg>${requirements_file}</arg>
<arg>--desc</arg>
<arg>on</arg>
<arg>--no-deps</arg>
<arg>timeout=${timeout}s</arg>
<arg>stderr=STDOUT</arg>
<doc>Runs a process and waits for it to complete.</doc>
<status status="NOT RUN" start="2026-05-17T12:09:18.906537" elapsed="0.000109"/>
</kw>
<return>
<value>${result}</value>
<status status="PASS" start="2026-05-17T12:09:18.906677" elapsed="0.000008"/>
</return>
<var>${pip_result}</var>
<status status="PASS" start="2026-05-17T12:09:18.906459" elapsed="0.000243"/>
</kw>
<kw name="Run Cargo Audit">
<kw name="Run Process" owner="Process">
<var>${result}</var>
<arg>cargo</arg>
<arg>audit</arg>
<arg>--manifest-path</arg>
<arg>${manifest_path}/Cargo.toml</arg>
<arg>timeout=${timeout}s</arg>
<arg>stderr=STDOUT</arg>
<doc>Runs a process and waits for it to complete.</doc>
<status status="NOT RUN" start="2026-05-17T12:09:18.906836" elapsed="0.000095"/>
</kw>
<return>
<value>${result}</value>
<status status="PASS" start="2026-05-17T12:09:18.906957" elapsed="0.000007"/>
</return>
<var>${cargo_result}</var>
<status status="PASS" start="2026-05-17T12:09:18.906758" elapsed="0.000222"/>
</kw>
<kw name="Log" owner="BuiltIn">
<arg>pip-audit exit code: ${pip_result.rc}</arg>
<arg>level=INFO</arg>
<doc>Logs the given message with the given level.</doc>
<status status="NOT RUN" start="2026-05-17T12:09:18.907018" elapsed="0.000087"/>
</kw>
<kw name="Log" owner="BuiltIn">
<arg>cargo audit exit code: ${cargo_result.rc}</arg>
<arg>level=INFO</arg>
<doc>Logs the given message with the given level.</doc>
<status status="NOT RUN" start="2026-05-17T12:09:18.907151" elapsed="0.000085"/>
</kw>
<kw name="Run Keyword And Continue On Failure" owner="BuiltIn">
<kw name="Should Be Equal As Integers" owner="BuiltIn">
<arg>${pip_result.rc}</arg>
<arg>0</arg>
<arg>msg=pip-audit reported vulnerabilities</arg>
<doc>Fails if objects are unequal after converting them to integers.</doc>
<status status="NOT RUN" start="2026-05-17T12:09:18.907396" elapsed="0.000083"/>
</kw>
<arg>Should Be Equal As Integers</arg>
<arg>${pip_result.rc}</arg>
<arg>0</arg>
<arg>msg=pip-audit reported vulnerabilities</arg>
<doc>Runs the keyword and continues execution even if a failure occurs.</doc>
<status status="PASS" start="2026-05-17T12:09:18.907280" elapsed="0.000218"/>
</kw>
<kw name="Run Keyword And Continue On Failure" owner="BuiltIn">
<kw name="Should Be Equal As Integers" owner="BuiltIn">
<arg>${cargo_result.rc}</arg>
<arg>0</arg>
<arg>msg=cargo audit reported vulnerabilities</arg>
<doc>Fails if objects are unequal after converting them to integers.</doc>
<status status="NOT RUN" start="2026-05-17T12:09:18.907651" elapsed="0.000079"/>
</kw>
<arg>Should Be Equal As Integers</arg>
<arg>${cargo_result.rc}</arg>
<arg>0</arg>
<arg>msg=cargo audit reported vulnerabilities</arg>
<doc>Runs the keyword and continues execution even if a failure occurs.</doc>
<status status="PASS" start="2026-05-17T12:09:18.907540" elapsed="0.000209"/>
</kw>
<doc>Aggregate summary of all dependency scans</doc>
<tag>dependency</tag>
<tag>security</tag>
<tag>summary</tag>
<status status="PASS" start="2026-05-17T12:09:18.906152" elapsed="0.001642"/>
</test>
<status status="FAIL" start="2026-05-17T12:09:18.868612" elapsed="0.039385"/>
</suite>
<statistics>
<total>
<stat pass="3" fail="2" skip="0">All Tests</stat>
</total>
<tag>
<stat pass="1" fail="0" skip="0">build_blocker</stat>
<stat pass="1" fail="0" skip="0">critical</stat>
<stat pass="3" fail="2" skip="0">dependency</stat>
<stat pass="1" fail="0" skip="0">full</stat>
<stat pass="0" fail="1" skip="0">python</stat>
<stat pass="0" fail="1" skip="0">rust</stat>
<stat pass="3" fail="2" skip="0">security</stat>
<stat pass="1" fail="0" skip="0">summary</stat>
<stat pass="1" fail="0" skip="0">trivy</stat>
</tag>
<suite>
<stat name="Dependency Scan" id="s1" pass="3" fail="2" skip="0">Dependency Scan</stat>
</suite>
</statistics>
<errors>
</errors>
</robot>
