<?xml version="1.0" encoding="UTF-8"?>
<robot generator="Robot 7.4.2 (Python 3.14.4 on darwin)" generated="2026-05-17T12:09:29.960962" rpa="false" schemaversion="5">
<suite id="s1" name="Dependency Scan" source="/Users/dennis_leedennis_lee/Documents/GitHub/web3-adult-industry-ca/tests/robot/security/dependency_scan.robot">
<test id="s1-t1" name="Python Dependencies Have No Known Vulnerabilities" line="48">
<kw name="Run Pip Audit">
<kw name="Run Process" owner="Process">
<var>${result}</var>
<arg>pip-audit</arg>
<arg>--requirement</arg>
<arg>${requirements_file}</arg>
<arg>--desc</arg>
<arg>on</arg>
<arg>--no-deps</arg>
<arg>timeout=${timeout}s</arg>
<arg>stderr=STDOUT</arg>
<doc>Runs a process and waits for it to complete.</doc>
<status status="NOT RUN" start="2026-05-17T12:09:30.000605" elapsed="0.000238"/>
</kw>
<return>
<value>${result}</value>
<status status="PASS" start="2026-05-17T12:09:30.000915" elapsed="0.000020"/>
</return>
<var>${result}</var>
<status status="PASS" start="2026-05-17T12:09:30.000098" elapsed="0.000869"/>
</kw>
<kw name="Run Keyword And Continue On Failure" owner="BuiltIn">
<kw name="Should Be Equal As Integers" owner="BuiltIn">
<arg>${result.rc}</arg>
<arg>0</arg>
<arg>msg=Python dependencies have vulnerabilities:\n${result.stdout}</arg>
<doc>Fails if objects are unequal after converting them to integers.</doc>
<status status="NOT RUN" start="2026-05-17T12:09:30.001346" elapsed="0.000165"/>
</kw>
<arg>Should Be Equal As Integers</arg>
<arg>${result.rc}</arg>
<arg>0</arg>
<arg>msg=Python dependencies have vulnerabilities:\n${result.stdout}</arg>
<doc>Runs the keyword and continues execution even if a failure occurs.</doc>
<status status="PASS" start="2026-05-17T12:09:30.001045" elapsed="0.000497"/>
</kw>
<kw name="Log" owner="BuiltIn">
<arg>${result.stdout}</arg>
<arg>level=INFO</arg>
<doc>Logs the given message with the given level.</doc>
<status status="NOT RUN" start="2026-05-17T12:09:30.001966" elapsed="0.000192"/>
</kw>
<if>
<branch type="IF" condition="${result.rc} != 0">
<kw name="Get Line Count" owner="String">
<var>${vuln_count}</var>
<arg>${result.stdout}</arg>
<doc>Returns and logs the number of lines in the given string.</doc>
<status status="NOT RUN" start="2026-05-17T12:09:30.002302" elapsed="0.000033"/>
</kw>
<kw name="Log" owner="BuiltIn">
<arg>Found ${vuln_count} vulnerabilities in Python dependencies</arg>
<arg>level=WARN</arg>
<doc>Logs the given message with the given level.</doc>
<status status="NOT RUN" start="2026-05-17T12:09:30.002383" elapsed="0.000105"/>
</kw>
<status status="PASS" start="2026-05-17T12:09:30.002244" elapsed="0.000264"/>
</branch>
<status status="PASS" start="2026-05-17T12:09:30.002225" elapsed="0.000299"/>
</if>
<tag>dependency</tag>
<tag>python</tag>
<tag>security</tag>
<status status="PASS" start="2026-05-17T12:09:29.998920" elapsed="0.003672"/>
</test>
<test id="s1-t2" name="Rust Dependencies Have No Known Vulnerabilities" line="60">
<kw name="Run Cargo Audit">
<kw name="Run Process" owner="Process">
<var>${result}</var>
<arg>cargo</arg>
<arg>audit</arg>
<arg>--manifest-path</arg>
<arg>${manifest_path}/Cargo.toml</arg>
<arg>timeout=${timeout}s</arg>
<arg>stderr=STDOUT</arg>
<doc>Runs a process and waits for it to complete.</doc>
<status status="NOT RUN" start="2026-05-17T12:09:30.003067" elapsed="0.000111"/>
</kw>
<return>
<value>${result}</value>
<status status="PASS" start="2026-05-17T12:09:30.003211" elapsed="0.000010"/>
</return>
<var>${result}</var>
<status status="PASS" start="2026-05-17T12:09:30.002971" elapsed="0.000270"/>
</kw>
<kw name="Run Keyword And Continue On Failure" owner="BuiltIn">
<kw name="Should Be Equal As Integers" owner="BuiltIn">
<arg>${result.rc}</arg>
<arg>0</arg>
<arg>msg=Rust dependencies have vulnerabilities:\n${result.stdout}</arg>
<doc>Fails if objects are unequal after converting them to integers.</doc>
<status status="NOT RUN" start="2026-05-17T12:09:30.003414" elapsed="0.000088"/>
</kw>
<arg>Should Be Equal As Integers</arg>
<arg>${result.rc}</arg>
<arg>0</arg>
<arg>msg=Rust dependencies have vulnerabilities:\n${result.stdout}</arg>
<doc>Runs the keyword and continues execution even if a failure occurs.</doc>
<status status="PASS" start="2026-05-17T12:09:30.003289" elapsed="0.000233"/>
</kw>
<kw name="Log" owner="BuiltIn">
<arg>${result.stdout}</arg>
<arg>level=INFO</arg>
<doc>Logs the given message with the given level.</doc>
<status status="NOT RUN" start="2026-05-17T12:09:30.003567" elapsed="0.000091"/>
</kw>
<if>
<branch type="IF" condition="${result.rc} != 0">
<kw name="Get Line Count" owner="String">
<var>${vuln_count}</var>
<arg>${result.stdout}</arg>
<doc>Returns and logs the number of lines in the given string.</doc>
<status status="NOT RUN" start="2026-05-17T12:09:30.003741" elapsed="0.000025"/>
</kw>
<kw name="Log" owner="BuiltIn">
<arg>Found ${vuln_count} vulnerabilities in Rust dependencies</arg>
<arg>level=WARN</arg>
<doc>Logs the given message with the given level.</doc>
<status status="NOT RUN" start="2026-05-17T12:09:30.003807" elapsed="0.000093"/>
</kw>
<status status="PASS" start="2026-05-17T12:09:30.003700" elapsed="0.000217"/>
</branch>
<status status="PASS" start="2026-05-17T12:09:30.003691" elapsed="0.000239"/>
</if>
<doc>Runs cargo audit on the Rust workspace</doc>
<tag>dependency</tag>
<tag>rust</tag>
<tag>security</tag>
<status status="PASS" start="2026-05-17T12:09:30.002718" elapsed="0.001256"/>
</test>
<test id="s1-t3" name="Full Workspace Trivy Scan" line="73">
<kw name="Run Trivy Scan">
<kw name="Run Process" owner="Process">
<var>${result}</var>
<arg>trivy</arg>
<arg>fs</arg>
<arg>--format</arg>
<arg>json</arg>
<arg>--quiet</arg>
<arg>${target}</arg>
<arg>timeout=${timeout}s</arg>
<arg>stderr=STDOUT</arg>
<doc>Runs a process and waits for it to complete.</doc>
<status status="NOT RUN" start="2026-05-17T12:09:30.004311" elapsed="0.000111"/>
</kw>
<return>
<value>${result}</value>
<status status="PASS" start="2026-05-17T12:09:30.004452" elapsed="0.000008"/>
</return>
<var>${result}</var>
<status status="PASS" start="2026-05-17T12:09:30.004226" elapsed="0.000252"/>
</kw>
<kw name="Run Keyword And Continue On Failure" owner="BuiltIn">
<kw name="Should Be Equal As Integers" owner="BuiltIn">
<arg>${result.rc}</arg>
<arg>0</arg>
<arg>msg=Trivy found vulnerabilities in the workspace:\n${result.stdout}</arg>
<doc>Fails if objects are unequal after converting them to integers.</doc>
<status status="NOT RUN" start="2026-05-17T12:09:30.004635" elapsed="0.000084"/>
</kw>
<arg>Should Be Equal As Integers</arg>
<arg>${result.rc}</arg>
<arg>0</arg>
<arg>msg=Trivy found vulnerabilities in the workspace:\n${result.stdout}</arg>
<doc>Runs the keyword and continues execution even if a failure occurs.</doc>
<status status="PASS" start="2026-05-17T12:09:30.004520" elapsed="0.000218"/>
</kw>
<kw name="Log" owner="BuiltIn">
<arg>${result.stdout}</arg>
<arg>level=INFO</arg>
<doc>Logs the given message with the given level.</doc>
<status status="NOT RUN" start="2026-05-17T12:09:30.004781" elapsed="0.000088"/>
</kw>
<doc>Runs trivy filesystem scan on the entire project</doc>
<tag>dependency</tag>
<tag>full</tag>
<tag>security</tag>
<tag>trivy</tag>
<status status="PASS" start="2026-05-17T12:09:30.004053" elapsed="0.000860"/>
</test>
<test id="s1-t4" name="Critical Vulnerabilities Fail The Build" line="82">
<kw name="Run Pip Audit">
<kw name="Run Process" owner="Process">
<var>${result}</var>
<arg>pip-audit</arg>
<arg>--requirement</arg>
<arg>${requirements_file}</arg>
<arg>--desc</arg>
<arg>on</arg>
<arg>--no-deps</arg>
<arg>timeout=${timeout}s</arg>
<arg>stderr=STDOUT</arg>
<doc>Runs a process and waits for it to complete.</doc>
<status status="NOT RUN" start="2026-05-17T12:09:30.005235" elapsed="0.000108"/>
</kw>
<return>
<value>${result}</value>
<status status="PASS" start="2026-05-17T12:09:30.005374" elapsed="0.000007"/>
</return>
<var>${result}</var>
<status status="PASS" start="2026-05-17T12:09:30.005161" elapsed="0.000235"/>
</kw>
<kw name="Set Variable" owner="BuiltIn">
<var>${stdout}</var>
<arg>${result.stdout}</arg>
<doc>Returns the given values which can then be assigned to a variables.</doc>
<status status="NOT RUN" start="2026-05-17T12:09:30.005435" elapsed="0.000067"/>
</kw>
<kw name="Evaluate" owner="BuiltIn">
<var>${has_critical}</var>
<arg>'CRITICAL' in '''${stdout}'''</arg>
<doc>Evaluates the given expression in Python and returns the result.</doc>
<status status="NOT RUN" start="2026-05-17T12:09:30.005558" elapsed="0.000065"/>
</kw>
<if>
<branch type="IF" condition="${has_critical}">
<kw name="Log" owner="BuiltIn">
<arg>CRITICAL vulnerabilities found:\n${stdout}</arg>
<arg>level=WARN</arg>
<doc>Logs the given message with the given level.</doc>
<status status="NOT RUN" start="2026-05-17T12:09:30.005699" elapsed="0.000088"/>
</kw>
<status status="PASS" start="2026-05-17T12:09:30.005659" elapsed="0.000145"/>
</branch>
<status status="PASS" start="2026-05-17T12:09:30.005651" elapsed="0.000163"/>
</if>
<kw name="Run Keyword And Continue On Failure" owner="BuiltIn">
<kw name="Should Not Be True" owner="BuiltIn">
<arg>${has_critical}</arg>
<arg>msg=Critical vulnerabilities found in dependencies</arg>
<doc>Fails if the given condition is true.</doc>
<status status="NOT RUN" start="2026-05-17T12:09:30.005965" elapsed="0.000072"/>
</kw>
<arg>Should Not Be True</arg>
<arg>${has_critical}</arg>
<arg>msg=Critical vulnerabilities found in dependencies</arg>
<doc>Runs the keyword and continues execution even if a failure occurs.</doc>
<status status="PASS" start="2026-05-17T12:09:30.005854" elapsed="0.000201"/>
</kw>
<doc>Ensures no critical severity vulnerabilities exist</doc>
<tag>build_blocker</tag>
<tag>critical</tag>
<tag>dependency</tag>
<tag>security</tag>
<status status="PASS" start="2026-05-17T12:09:30.004985" elapsed="0.001112"/>
</test>
<test id="s1-t5" name="Summary Of Dependency Health" line="95">
<kw name="Log" owner="BuiltIn">
<arg>Dependency scan summary for ${PROJECT_ROOT}</arg>
<arg>level=INFO</arg>
<doc>Logs the given message with the given level.</doc>
<status status="NOT RUN" start="2026-05-17T12:09:30.006316" elapsed="0.000088"/>
</kw>
<kw name="Run Pip Audit">
<kw name="Run Process" owner="Process">
<var>${result}</var>
<arg>pip-audit</arg>
<arg>--requirement</arg>
<arg>${requirements_file}</arg>
<arg>--desc</arg>
<arg>on</arg>
<arg>--no-deps</arg>
<arg>timeout=${timeout}s</arg>
<arg>stderr=STDOUT</arg>
<doc>Runs a process and waits for it to complete.</doc>
<status status="NOT RUN" start="2026-05-17T12:09:30.006545" elapsed="0.000108"/>
</kw>
<return>
<value>${result}</value>
<status status="PASS" start="2026-05-17T12:09:30.006683" elapsed="0.000007"/>
</return>
<var>${pip_result}</var>
<status status="PASS" start="2026-05-17T12:09:30.006466" elapsed="0.000240"/>
</kw>
<kw name="Run Cargo Audit">
<kw name="Run Process" owner="Process">
<var>${result}</var>
<arg>cargo</arg>
<arg>audit</arg>
<arg>--manifest-path</arg>
<arg>${manifest_path}/Cargo.toml</arg>
<arg>timeout=${timeout}s</arg>
<arg>stderr=STDOUT</arg>
<doc>Runs a process and waits for it to complete.</doc>
<status status="NOT RUN" start="2026-05-17T12:09:30.006838" elapsed="0.000120"/>
</kw>
<return>
<value>${result}</value>
<status status="PASS" start="2026-05-17T12:09:30.006993" elapsed="0.000010"/>
</return>
<var>${cargo_result}</var>
<status status="PASS" start="2026-05-17T12:09:30.006760" elapsed="0.000262"/>
</kw>
<kw name="Log" owner="BuiltIn">
<arg>pip-audit exit code: ${pip_result.rc}</arg>
<arg>level=INFO</arg>
<doc>Logs the given message with the given level.</doc>
<status status="NOT RUN" start="2026-05-17T12:09:30.007071" elapsed="0.000110"/>
</kw>
<kw name="Log" owner="BuiltIn">
<arg>cargo audit exit code: ${cargo_result.rc}</arg>
<arg>level=INFO</arg>
<doc>Logs the given message with the given level.</doc>
<status status="NOT RUN" start="2026-05-17T12:09:30.007231" elapsed="0.000095"/>
</kw>
<kw name="Run Keyword And Continue On Failure" owner="BuiltIn">
<kw name="Should Be Equal As Integers" owner="BuiltIn">
<arg>${pip_result.rc}</arg>
<arg>0</arg>
<arg>msg=pip-audit reported vulnerabilities</arg>
<doc>Fails if objects are unequal after converting them to integers.</doc>
<status status="NOT RUN" start="2026-05-17T12:09:30.007499" elapsed="0.000085"/>
</kw>
<arg>Should Be Equal As Integers</arg>
<arg>${pip_result.rc}</arg>
<arg>0</arg>
<arg>msg=pip-audit reported vulnerabilities</arg>
<doc>Runs the keyword and continues execution even if a failure occurs.</doc>
<status status="PASS" start="2026-05-17T12:09:30.007376" elapsed="0.000228"/>
</kw>
<kw name="Run Keyword And Continue On Failure" owner="BuiltIn">
<kw name="Should Be Equal As Integers" owner="BuiltIn">
<arg>${cargo_result.rc}</arg>
<arg>0</arg>
<arg>msg=cargo audit reported vulnerabilities</arg>
<doc>Fails if objects are unequal after converting them to integers.</doc>
<status status="NOT RUN" start="2026-05-17T12:09:30.007766" elapsed="0.000082"/>
</kw>
<arg>Should Be Equal As Integers</arg>
<arg>${cargo_result.rc}</arg>
<arg>0</arg>
<arg>msg=cargo audit reported vulnerabilities</arg>
<doc>Runs the keyword and continues execution even if a failure occurs.</doc>
<status status="PASS" start="2026-05-17T12:09:30.007649" elapsed="0.000219"/>
</kw>
<doc>Aggregate summary of all dependency scans</doc>
<tag>dependency</tag>
<tag>security</tag>
<tag>summary</tag>
<status status="PASS" start="2026-05-17T12:09:30.006168" elapsed="0.001752"/>
</test>
<status status="PASS" start="2026-05-17T12:09:29.961642" elapsed="0.046486"/>
</suite>
<statistics>
<total>
<stat pass="5" fail="0" skip="0">All Tests</stat>
</total>
<tag>
<stat pass="1" fail="0" skip="0">build_blocker</stat>
<stat pass="1" fail="0" skip="0">critical</stat>
<stat pass="5" fail="0" skip="0">dependency</stat>
<stat pass="1" fail="0" skip="0">full</stat>
<stat pass="1" fail="0" skip="0">python</stat>
<stat pass="1" fail="0" skip="0">rust</stat>
<stat pass="5" fail="0" skip="0">security</stat>
<stat pass="1" fail="0" skip="0">summary</stat>
<stat pass="1" fail="0" skip="0">trivy</stat>
</tag>
<suite>
<stat name="Dependency Scan" id="s1" pass="5" fail="0" skip="0">Dependency Scan</stat>
</suite>
</statistics>
<errors>
</errors>
</robot>
